<?xml version="1.0" encoding="UTF-8"?>
<!-- Generated by org.testng.reporters.JUnitXMLReporter -->
<testsuite hostname="HP-PC" ignored="0" name="Default test" tests="9" failures="0" timestamp="09 Nov 2017 14:53:38 GMT" time="54.204" errors="0">
  <testcase name="logintowebsite" time="7.075" classname="hybridFramework.uiautomation.productpage.TC001_SelectProduct"/>
  <testcase name="logintowebsite" time="0.012" classname="hybridFramework.uiautomation.productpage.TC001_SelectProduct">
    <skipped/>
  </testcase> <!-- logintowebsite -->
  <testcase name="productdetails" time="10.104" classname="hybridFramework.uiautomation.productpage.TC001_SelectProduct"/>
  <testcase name="productdetails" time="0.006" classname="hybridFramework.uiautomation.productpage.TC001_SelectProduct">
    <skipped/>
  </testcase> <!-- productdetails -->
  <testcase name="productdetails" time="0.006" classname="hybridFramework.uiautomation.productpage.TC001_SelectProduct">
    <skipped/>
  </testcase> <!-- productdetails -->
  <testcase name="productdetails" time="0.006" classname="hybridFramework.uiautomation.productpage.TC001_SelectProduct">
    <skipped/>
  </testcase> <!-- productdetails -->
  <testcase name="productdetails" time="0.011" classname="hybridFramework.uiautomation.productpage.TC001_SelectProduct">
    <skipped/>
  </testcase> <!-- productdetails -->
  <testcase name="productdetails" time="0.006" classname="hybridFramework.uiautomation.productpage.TC001_SelectProduct">
    <skipped/>
  </testcase> <!-- productdetails -->
  <testcase name="productdetails" time="0.006" classname="hybridFramework.uiautomation.productpage.TC001_SelectProduct">
    <skipped/>
  </testcase> <!-- productdetails -->
</testsuite> <!-- Default test -->
