<?xml version="1.0" encoding="UTF-8"?>
<!-- Generated by org.testng.reporters.JUnitXMLReporter -->
<testsuite hostname="HP-PC" ignored="0" name="Test" tests="12" failures="0" timestamp="09 Nov 2017 16:00:10 GMT" time="114.216" errors="0">
  <testcase name="logintowebsite" time="8.647" classname="hybridFramework.uiautomation.productpage.TC001_SelectProduct"/>
  <testcase name="logintowebsite" time="0.008" classname="hybridFramework.uiautomation.productpage.TC001_SelectProduct">
    <skipped/>
  </testcase> <!-- logintowebsite -->
  <testcase name="logintosite" time="10.966" classname="hybridFramework.uiautomation.loginpage.TC001"/>
  <testcase name="logintosite" time="0.002" classname="hybridFramework.uiautomation.loginpage.TC001">
    <skipped/>
  </testcase> <!-- logintosite -->
  <testcase name="registrationPage" time="19.33" classname="hybridFramework.uiautomation.registrationpage.TC003"/>
  <testcase name="productdetails" time="9.825" classname="hybridFramework.uiautomation.productpage.TC001_SelectProduct"/>
  <testcase name="productdetails" time="0.001" classname="hybridFramework.uiautomation.productpage.TC001_SelectProduct">
    <skipped/>
  </testcase> <!-- productdetails -->
  <testcase name="productdetails" time="0.002" classname="hybridFramework.uiautomation.productpage.TC001_SelectProduct">
    <skipped/>
  </testcase> <!-- productdetails -->
  <testcase name="productdetails" time="0.002" classname="hybridFramework.uiautomation.productpage.TC001_SelectProduct">
    <skipped/>
  </testcase> <!-- productdetails -->
  <testcase name="productdetails" time="0.002" classname="hybridFramework.uiautomation.productpage.TC001_SelectProduct">
    <skipped/>
  </testcase> <!-- productdetails -->
  <testcase name="productdetails" time="0.002" classname="hybridFramework.uiautomation.productpage.TC001_SelectProduct">
    <skipped/>
  </testcase> <!-- productdetails -->
  <testcase name="productdetails" time="0.001" classname="hybridFramework.uiautomation.productpage.TC001_SelectProduct">
    <skipped/>
  </testcase> <!-- productdetails -->
</testsuite> <!-- Test -->
